<?xml version="1.0" encoding="UTF-8"?>
<coverage generated="1533930552337" clover="3.2.0">
  <project timestamp="1533930552337" name="All files">
    <metrics statements="13" coveredstatements="13" conditionals="7" coveredconditionals="7" methods="3" coveredmethods="3" elements="23" coveredelements="23" complexity="0" loc="13" ncloc="13" packages="1" files="1" classes="1">
      <file name="Contacts.js" path="C:\Users\feedback\Desktop\apptest\src\Contacts.js">
        <metrics statements="13" coveredstatements="13" conditionals="7" coveredconditionals="7" methods="3" coveredmethods="3"/>
        <line num="3" count="1" type="stmt"/>
        <line num="7" count="8" type="cond" truecount="2" falsecount="0"/>
        <line num="12" count="7" type="stmt"/>
        <line num="21" count="1" type="stmt"/>
        <line num="25" count="2" type="stmt"/>
        <line num="26" count="6" type="stmt"/>
        <line num="27" count="4" type="stmt"/>
        <line num="29" count="2" type="cond" truecount="2" falsecount="0"/>
        <line num="30" count="1" type="stmt"/>
        <line num="37" count="4" type="stmt"/>
        <line num="40" count="3" type="stmt"/>
        <line num="48" count="2" type="stmt"/>
        <line num="50" count="1" type="stmt"/>
      </file>
    </metrics>
  </project>
</coverage>
