{"C:\\Users\\feedback\\Desktop\\apptest\\src\\Contacts.js": {"path":"C:\\Users\\feedback\\Desktop\\apptest\\src\\Contacts.js","statementMap":{"0":{"start":{"line":3,"column":15},"end":{"line":3,"column":17}},"1":{"start":{"line":7,"column":8},"end":{"line":22,"column":9}},"2":{"start":{"line":12,"column":12},"end":{"line":12,"column":35}},"3":{"start":{"line":21,"column":12},"end":{"line":21,"column":35}},"4":{"start":{"line":25,"column":22},"end":{"line":27,"column":46}},"5":{"start":{"line":26,"column":27},"end":{"line":26,"column":29}},"6":{"start":{"line":27,"column":29},"end":{"line":27,"column":45}},"7":{"start":{"line":29,"column":8},"end":{"line":34,"column":9}},"8":{"start":{"line":30,"column":12},"end":{"line":33,"column":14}},"9":{"start":{"line":37,"column":8},"end":{"line":37,"column":22}},"10":{"start":{"line":40,"column":8},"end":{"line":42,"column":10}},"11":{"start":{"line":48,"column":8},"end":{"line":51,"column":14}},"12":{"start":{"line":50,"column":16},"end":{"line":50,"column":34}}},"fnMap":{"0":{"name":"(anonymous_0)","decl":{"start":{"line":26,"column":17},"end":{"line":26,"column":18}},"loc":{"start":{"line":26,"column":27},"end":{"line":26,"column":29}},"line":26},"1":{"name":"(anonymous_1)","decl":{"start":{"line":27,"column":23},"end":{"line":27,"column":24}},"loc":{"start":{"line":27,"column":29},"end":{"line":27,"column":45}},"line":27},"2":{"name":"(anonymous_2)","decl":{"start":{"line":49,"column":18},"end":{"line":49,"column":19}},"loc":{"start":{"line":49,"column":32},"end":{"line":51,"column":13}},"line":49}},"branchMap":{"0":{"loc":{"start":{"line":7,"column":8},"end":{"line":22,"column":9}},"type":"if","locations":[{"start":{"line":7,"column":8},"end":{"line":22,"column":9}},{"start":{"line":7,"column":8},"end":{"line":22,"column":9}}],"line":7},"1":{"loc":{"start":{"line":8,"column":12},"end":{"line":10,"column":40}},"type":"binary-expr","locations":[{"start":{"line":8,"column":12},"end":{"line":8,"column":44}},{"start":{"line":9,"column":12},"end":{"line":9,"column":43}},{"start":{"line":10,"column":12},"end":{"line":10,"column":40}}],"line":8},"2":{"loc":{"start":{"line":29,"column":8},"end":{"line":34,"column":9}},"type":"if","locations":[{"start":{"line":29,"column":8},"end":{"line":34,"column":9}},{"start":{"line":29,"column":8},"end":{"line":34,"column":9}}],"line":29}},"s":{"0":1,"1":8,"2":7,"3":1,"4":2,"5":6,"6":4,"7":2,"8":1,"9":4,"10":3,"11":2,"12":1},"f":{"0":6,"1":4,"2":1},"b":{"0":[7,1],"1":[8,8,8],"2":[1,1]},"_coverageSchema":"332fd63041d2c1bcb487cc26dd0d5f7d97098a6c","hash":"350f56cc9d9857a061583b05298eb912f1f1b156"}
}
